2024/07/03 23:55:39 [error] [exception.CDbException] CDbException: CDbConnection failed to open the DB connection: SQLSTATE[HY000] [2002] No such file or directory in /home/devlinaung/Projects/yii-1.1.29.f89b76/framework/db/CDbConnection.php:399
Stack trace:
#0 /home/devlinaung/Projects/yii-1.1.29.f89b76/framework/db/CDbConnection.php(347): CDbConnection->open()
#1 /home/devlinaung/Projects/yii-1.1.29.f89b76/framework/db/CDbConnection.php(325): CDbConnection->setActive()
#2 /home/devlinaung/Projects/yii-1.1.29.f89b76/framework/base/CModule.php(394): CDbConnection->init()
#3 /home/devlinaung/Projects/yii-1.1.29.f89b76/framework/cli/commands/MigrateCommand.php(472): CModule->getComponent()
#4 /home/devlinaung/Projects/yii-1.1.29.f89b76/framework/cli/commands/MigrateCommand.php(481): MigrateCommand->getDbConnection()
#5 /home/devlinaung/Projects/yii-1.1.29.f89b76/framework/cli/commands/MigrateCommand.php(512): MigrateCommand->getMigrationHistory()
#6 /home/devlinaung/Projects/yii-1.1.29.f89b76/framework/cli/commands/MigrateCommand.php(84): MigrateCommand->getNewMigrations()
#7 [internal function]: MigrateCommand->actionUp()
#8 /home/devlinaung/Projects/yii-1.1.29.f89b76/framework/console/CConsoleCommand.php(177): ReflectionMethod->invokeArgs()
#9 /home/devlinaung/Projects/yii-1.1.29.f89b76/framework/console/CConsoleCommandRunner.php(71): CConsoleCommand->run()
#10 /home/devlinaung/Projects/yii-1.1.29.f89b76/framework/console/CConsoleApplication.php(92): CConsoleCommandRunner->run()
#11 /home/devlinaung/Projects/yii-1.1.29.f89b76/framework/base/CApplication.php(185): CConsoleApplication->processRequest()
#12 /home/devlinaung/Projects/yii-1.1.29.f89b76/framework/yiic.php(33): CApplication->run()
#13 /home/devlinaung/Projects/yii-1.1.29.f89b76/framework/yii_blog/protected/yiic.php(7): require_once('...')
#14 /home/devlinaung/Projects/yii-1.1.29.f89b76/framework/yii_blog/protected/yiic(4): require_once('...')
#15 {main}
---
2024/07/03 23:56:13 [error] [exception.CDbException] CDbException: CDbConnection failed to open the DB connection: SQLSTATE[HY000] [2002] No such file or directory in /home/devlinaung/Projects/yii-1.1.29.f89b76/framework/db/CDbConnection.php:399
Stack trace:
#0 /home/devlinaung/Projects/yii-1.1.29.f89b76/framework/db/CDbConnection.php(347): CDbConnection->open()
#1 /home/devlinaung/Projects/yii-1.1.29.f89b76/framework/db/CDbConnection.php(325): CDbConnection->setActive()
#2 /home/devlinaung/Projects/yii-1.1.29.f89b76/framework/base/CModule.php(394): CDbConnection->init()
#3 /home/devlinaung/Projects/yii-1.1.29.f89b76/framework/cli/commands/MigrateCommand.php(472): CModule->getComponent()
#4 /home/devlinaung/Projects/yii-1.1.29.f89b76/framework/cli/commands/MigrateCommand.php(481): MigrateCommand->getDbConnection()
#5 /home/devlinaung/Projects/yii-1.1.29.f89b76/framework/cli/commands/MigrateCommand.php(512): MigrateCommand->getMigrationHistory()
#6 /home/devlinaung/Projects/yii-1.1.29.f89b76/framework/cli/commands/MigrateCommand.php(84): MigrateCommand->getNewMigrations()
#7 [internal function]: MigrateCommand->actionUp()
#8 /home/devlinaung/Projects/yii-1.1.29.f89b76/framework/console/CConsoleCommand.php(177): ReflectionMethod->invokeArgs()
#9 /home/devlinaung/Projects/yii-1.1.29.f89b76/framework/console/CConsoleCommandRunner.php(71): CConsoleCommand->run()
#10 /home/devlinaung/Projects/yii-1.1.29.f89b76/framework/console/CConsoleApplication.php(92): CConsoleCommandRunner->run()
#11 /home/devlinaung/Projects/yii-1.1.29.f89b76/framework/base/CApplication.php(185): CConsoleApplication->processRequest()
#12 /home/devlinaung/Projects/yii-1.1.29.f89b76/framework/yiic.php(33): CApplication->run()
#13 /home/devlinaung/Projects/yii-1.1.29.f89b76/framework/yii_blog/protected/yiic.php(7): require_once('...')
#14 /home/devlinaung/Projects/yii-1.1.29.f89b76/framework/yii_blog/protected/yiic(4): require_once('...')
#15 {main}
---
2024/07/03 23:56:31 [error] [system.db.CDbCommand] CDbCommand::fetchAll() failed: SQLSTATE[42S02]: Base table or view not found: 1146 Table 'yii_blog.tbl_migration' doesn't exist. The SQL statement executed was: SHOW FULL COLUMNS FROM `tbl_migration`.
2024/07/03 23:56:45 [error] [system.db.CDbCommand] CDbCommand::execute() failed: SQLSTATE[42S02]: Base table or view not found: 1146 Table 'yii_blog.is_private' doesn't exist. The SQL statement executed was: ALTER TABLE `is_private` ADD `columnName` tinyint(1) DEFAULT 0.
2024/07/03 23:56:45 [error] [exception.CDbException] CDbException: CDbCommand failed to execute the SQL statement: SQLSTATE[42S02]: Base table or view not found: 1146 Table 'yii_blog.is_private' doesn't exist. The SQL statement executed was: ALTER TABLE `is_private` ADD `columnName` tinyint(1) DEFAULT 0 in /home/devlinaung/Projects/yii-1.1.29.f89b76/framework/db/CDbCommand.php:358
Stack trace:
#0 /home/devlinaung/Projects/yii-1.1.29.f89b76/framework/db/CDbCommand.php(1405): CDbCommand->execute()
#1 /home/devlinaung/Projects/yii-1.1.29.f89b76/framework/db/CDbMigration.php(303): CDbCommand->addColumn()
#2 /home/devlinaung/Projects/yii-1.1.29.f89b76/framework/yii_blog/protected/migrations/m240703_153749_create_post_table.php(14): CDbMigration->addColumn()
#3 /home/devlinaung/Projects/yii-1.1.29.f89b76/framework/cli/commands/MigrateCommand.php(415): m240703_153749_create_post_table->up()
#4 /home/devlinaung/Projects/yii-1.1.29.f89b76/framework/cli/commands/MigrateCommand.php(109): MigrateCommand->migrateUp()
#5 [internal function]: MigrateCommand->actionUp()
#6 /home/devlinaung/Projects/yii-1.1.29.f89b76/framework/console/CConsoleCommand.php(177): ReflectionMethod->invokeArgs()
#7 /home/devlinaung/Projects/yii-1.1.29.f89b76/framework/console/CConsoleCommandRunner.php(71): CConsoleCommand->run()
#8 /home/devlinaung/Projects/yii-1.1.29.f89b76/framework/console/CConsoleApplication.php(92): CConsoleCommandRunner->run()
#9 /home/devlinaung/Projects/yii-1.1.29.f89b76/framework/base/CApplication.php(185): CConsoleApplication->processRequest()
#10 /home/devlinaung/Projects/yii-1.1.29.f89b76/framework/yiic.php(33): CApplication->run()
#11 /home/devlinaung/Projects/yii-1.1.29.f89b76/framework/yii_blog/protected/yiic.php(7): require_once('...')
#12 /home/devlinaung/Projects/yii-1.1.29.f89b76/framework/yii_blog/protected/yiic(4): require_once('...')
#13 {main}
---
2024/07/03 23:58:48 [error] [system.db.CDbCommand] CDbCommand::fetchAll() failed: SQLSTATE[42S02]: Base table or view not found: 1146 Table 'yii_blog.tbl_migration' doesn't exist. The SQL statement executed was: SHOW FULL COLUMNS FROM `tbl_migration`.
